$(now): GET /api
$(now): GET /api
$(now): GET /api/
Mon Mar 20 2017 08:48:19 GMT+0000 (WET): GET /api/
Mon Mar 20 2017 08:48:40 GMT+0000 (WET): GET /api/
Mon Mar 20 2017 08:49:38 GMT+0000 (WET): GET /api/
Mon Mar 20 2017 08:49:43 GMT+0000 (WET): GET /api/
Mon Mar 20 2017 08:49:51 GMT+0000 (WET): GET /api/
Mon Mar 20 2017 11:46:56 GMT+0000 (WET): POST /api/user
Mon Mar 20 2017 13:35:11 GMT+0000 (WET): GET /sockjs-node/info?t=1490016911616
Mon Mar 20 2017 13:35:27 GMT+0000 (WET): GET /sockjs-node/info?t=1490016927670
Mon Mar 20 2017 19:12:42 GMT+0000 (WET): GET /
Mon Mar 20 2017 19:12:54 GMT+0000 (WET): GET /dist/build.js
Mon Mar 20 2017 19:12:59 GMT+0000 (WET): GET /auth
Mon Mar 20 2017 19:13:32 GMT+0000 (WET): GET /dist/build.js
Mon Mar 20 2017 19:21:34 GMT+0000 (WET): GET /sockjs-node/info?t=1490037694600
Mon Mar 20 2017 19:21:36 GMT+0000 (WET): GET /sockjs-node/info?t=1490037696342
Mon Mar 20 2017 19:21:46 GMT+0000 (WET): GET /sockjs-node/info?t=1490037706511
Mon Mar 20 2017 19:21:55 GMT+0000 (WET): GET /sockjs-node/info?t=1490037715021
Mon Mar 20 2017 19:22:05 GMT+0000 (WET): GET /sockjs-node/info?t=1490037725358
Mon Mar 20 2017 19:22:30 GMT+0000 (WET): GET /sockjs-node/info?t=1490037750359
Mon Mar 20 2017 19:23:37 GMT+0000 (WET): GET /sockjs-node/info?t=1490037817403
Mon Mar 20 2017 19:23:48 GMT+0000 (WET): GET /sockjs-node/info?t=1490037828403
Mon Mar 20 2017 19:24:09 GMT+0000 (WET): GET /
Mon Mar 20 2017 20:26:30 GMT+0000 (WET): GET /sockjs-node/info?t=1490041590312
Mon Mar 20 2017 20:26:39 GMT+0000 (WET): GET /sockjs-node/info?t=1490041599821
Mon Mar 20 2017 21:53:18 GMT+0000 (WET): GET /auth
